# JRE version: Java(TM) SE Runtime Environment (8.0_271-b09) (build 1.8.0_271-b09)
# Java VM: Java HotSpot(TM) 64-Bit Server VM (25.271-b09 mixed mode windows-amd64 compressed oops)
Heap:
 PSYoungGen      total 133120K, used 53970K [0x00000000eb780000, 0x00000000f4f80000, 0x0000000100000000)
  eden space 123904K, 43% used [0x00000000eb780000,0x00000000eec34a98,0x00000000f3080000)
  from space 9216K, 0% used [0x00000000f3080000,0x00000000f3080000,0x00000000f3980000)
  to   space 10240K, 0% used [0x00000000f4580000,0x00000000f4580000,0x00000000f4f80000)
 ParOldGen       total 54272K, used 14205K [0x00000000c2600000, 0x00000000c5b00000, 0x00000000eb780000)
  object space 54272K, 26% used [0x00000000c2600000,0x00000000c33df7f0,0x00000000c5b00000)
 Metaspace       used 39026K, capacity 40678K, committed 40880K, reserved 1085440K
  class space    used 5450K, capacity 5789K, committed 5808K, reserved 1048576K
GC Heap History (10 events):
Event: 12.965 GC heap before
{Heap before GC invocations=7 (full 0):
 PSYoungGen      total 69120K, used 60163K [0x00000000eb780000, 0x00000000f0080000, 0x0000000100000000)
  eden space 63488K, 89% used [0x00000000eb780000,0x00000000eeebbb60,0x00000000ef580000)
  from space 5632K, 64% used [0x00000000efb00000,0x00000000efe85348,0x00000000f0080000)
  to   space 5632K, 0% used [0x00000000ef580000,0x00000000ef580000,0x00000000efb00000)
 ParOldGen       total 42496K, used 6003K [0x00000000c2600000, 0x00000000c4f80000, 0x00000000eb780000)
  object space 42496K, 14% used [0x00000000c2600000,0x00000000c2bdccf0,0x00000000c4f80000)
 Metaspace       used 20045K, capacity 21250K, committed 21296K, reserved 1067008K
  class space    used 2587K, capacity 2823K, committed 2864K, reserved 1048576K
Event: 13.003 GC heap after
Heap after GC invocations=7 (full 0):
 PSYoungGen      total 69120K, used 5623K [0x00000000eb780000, 0x00000000f4280000, 0x0000000100000000)
  eden space 63488K, 0% used [0x00000000eb780000,0x00000000eb780000,0x00000000ef580000)
  from space 5632K, 99% used [0x00000000ef580000,0x00000000efafdc50,0x00000000efb00000)
  to   space 7680K, 0% used [0x00000000f3b00000,0x00000000f3b00000,0x00000000f4280000)
 ParOldGen       total 42496K, used 9049K [0x00000000c2600000, 0x00000000c4f80000, 0x00000000eb780000)
  object space 42496K, 21% used [0x00000000c2600000,0x00000000c2ed67c0,0x00000000c4f80000)
 Metaspace       used 20045K, capacity 21250K, committed 21296K, reserved 1067008K
  class space    used 2587K, capacity 2823K, committed 2864K, reserved 1048576K
}
Event: 13.003 GC heap before
{Heap before GC invocations=8 (full 1):
 PSYoungGen      total 69120K, used 5623K [0x00000000eb780000, 0x00000000f4280000, 0x0000000100000000)
  eden space 63488K, 0% used [0x00000000eb780000,0x00000000eb780000,0x00000000ef580000)
  from space 5632K, 99% used [0x00000000ef580000,0x00000000efafdc50,0x00000000efb00000)
  to   space 7680K, 0% used [0x00000000f3b00000,0x00000000f3b00000,0x00000000f4280000)
 ParOldGen       total 42496K, used 9049K [0x00000000c2600000, 0x00000000c4f80000, 0x00000000eb780000)
  object space 42496K, 21% used [0x00000000c2600000,0x00000000c2ed67c0,0x00000000c4f80000)
 Metaspace       used 20045K, capacity 21250K, committed 21296K, reserved 1067008K
  class space    used 2587K, capacity 2823K, committed 2864K, reserved 1048576K
Event: 13.132 GC heap after
Heap after GC invocations=8 (full 1):
 PSYoungGen      total 69120K, used 0K [0x00000000eb780000, 0x00000000f4280000, 0x0000000100000000)
  eden space 63488K, 0% used [0x00000000eb780000,0x00000000eb780000,0x00000000ef580000)
  from space 5632K, 0% used [0x00000000ef580000,0x00000000ef580000,0x00000000efb00000)
  to   space 7680K, 0% used [0x00000000f3b00000,0x00000000f3b00000,0x00000000f4280000)
 ParOldGen       total 35840K, used 9277K [0x00000000c2600000, 0x00000000c4900000, 0x00000000eb780000)
  object space 35840K, 25% used [0x00000000c2600000,0x00000000c2f0f790,0x00000000c4900000)
 Metaspace       used 20045K, capacity 21250K, committed 21296K, reserved 1067008K
  class space    used 2587K, capacity 2823K, committed 2864K, reserved 1048576K
}
Event: 19.119 GC heap before
{Heap before GC invocations=9 (full 1):
 PSYoungGen      total 69120K, used 63488K [0x00000000eb780000, 0x00000000f4280000, 0x0000000100000000)
  eden space 63488K, 100% used [0x00000000eb780000,0x00000000ef580000,0x00000000ef580000)
  from space 5632K, 0% used [0x00000000ef580000,0x00000000ef580000,0x00000000efb00000)
  to   space 7680K, 0% used [0x00000000f3b00000,0x00000000f3b00000,0x00000000f4280000)
 ParOldGen       total 35840K, used 9277K [0x00000000c2600000, 0x00000000c4900000, 0x00000000eb780000)
  object space 35840K, 25% used [0x00000000c2600000,0x00000000c2f0f790,0x00000000c4900000)
 Metaspace       used 28244K, capacity 29648K, committed 29744K, reserved 1075200K
  class space    used 3839K, capacity 4122K, committed 4144K, reserved 1048576K
Event: 19.209 GC heap after
Heap after GC invocations=9 (full 1):
 PSYoungGen      total 109056K, used 7662K [0x00000000eb780000, 0x00000000f4280000, 0x0000000100000000)
  eden space 101376K, 0% used [0x00000000eb780000,0x00000000eb780000,0x00000000f1a80000)
  from space 7680K, 99% used [0x00000000f3b00000,0x00000000f427b9f0,0x00000000f4280000)
  to   space 9216K, 0% used [0x00000000f3080000,0x00000000f3080000,0x00000000f3980000)
 ParOldGen       total 35840K, used 10499K [0x00000000c2600000, 0x00000000c4900000, 0x00000000eb780000)
  object space 35840K, 29% used [0x00000000c2600000,0x00000000c3040ef8,0x00000000c4900000)
 Metaspace       used 28244K, capacity 29648K, committed 29744K, reserved 1075200K
  class space    used 3839K, capacity 4122K, committed 4144K, reserved 1048576K
}
Event: 24.484 GC heap before
{Heap before GC invocations=10 (full 1):
 PSYoungGen      total 109056K, used 50348K [0x00000000eb780000, 0x00000000f4280000, 0x0000000100000000)
  eden space 101376K, 42% used [0x00000000eb780000,0x00000000ee12f910,0x00000000f1a80000)
  from space 7680K, 99% used [0x00000000f3b00000,0x00000000f427b9f0,0x00000000f4280000)
  to   space 9216K, 0% used [0x00000000f3080000,0x00000000f3080000,0x00000000f3980000)
 ParOldGen       total 35840K, used 10499K [0x00000000c2600000, 0x00000000c4900000, 0x00000000eb780000)
  object space 35840K, 29% used [0x00000000c2600000,0x00000000c3040ef8,0x00000000c4900000)
 Metaspace       used 33847K, capacity 35322K, committed 35496K, reserved 1079296K
  class space    used 4561K, capacity 4873K, committed 4912K, reserved 1048576K
Event: 24.515 GC heap after
Heap after GC invocations=10 (full 1):
 PSYoungGen      total 133120K, used 8439K [0x00000000eb780000, 0x00000000f4f80000, 0x0000000100000000)
  eden space 123904K, 0% used [0x00000000eb780000,0x00000000eb780000,0x00000000f3080000)
  from space 9216K, 91% used [0x00000000f3080000,0x00000000f38bdf30,0x00000000f3980000)
  to   space 10240K, 0% used [0x00000000f4580000,0x00000000f4580000,0x00000000f4f80000)
 ParOldGen       total 35840K, used 10507K [0x00000000c2600000, 0x00000000c4900000, 0x00000000eb780000)
  object space 35840K, 29% used [0x00000000c2600000,0x00000000c3042ef8,0x00000000c4900000)
 Metaspace       used 33847K, capacity 35322K, committed 35496K, reserved 1079296K
  class space    used 4561K, capacity 4873K, committed 4912K, reserved 1048576K
}
Event: 24.515 GC heap before
{Heap before GC invocations=11 (full 2):
 PSYoungGen      total 133120K, used 8439K [0x00000000eb780000, 0x00000000f4f80000, 0x0000000100000000)
  eden space 123904K, 0% used [0x00000000eb780000,0x00000000eb780000,0x00000000f3080000)
  from space 9216K, 91% used [0x00000000f3080000,0x00000000f38bdf30,0x00000000f3980000)
  to   space 10240K, 0% used [0x00000000f4580000,0x00000000f4580000,0x00000000f4f80000)
 ParOldGen       total 35840K, used 10507K [0x00000000c2600000, 0x00000000c4900000, 0x00000000eb780000)
  object space 35840K, 29% used [0x00000000c2600000,0x00000000c3042ef8,0x00000000c4900000)
 Metaspace       used 33847K, capacity 35322K, committed 35496K, reserved 1079296K
  class space    used 4561K, capacity 4873K, committed 4912K, reserved 1048576K
Event: 24.815 GC heap after
Heap after GC invocations=11 (full 2):
 PSYoungGen      total 133120K, used 0K [0x00000000eb780000, 0x00000000f4f80000, 0x0000000100000000)
  eden space 123904K, 0% used [0x00000000eb780000,0x00000000eb780000,0x00000000f3080000)
  from space 9216K, 0% used [0x00000000f3080000,0x00000000f3080000,0x00000000f3980000)
  to   space 10240K, 0% used [0x00000000f4580000,0x00000000f4580000,0x00000000f4f80000)
 ParOldGen       total 54272K, used 14205K [0x00000000c2600000, 0x00000000c5b00000, 0x00000000eb780000)
  object space 54272K, 26% used [0x00000000c2600000,0x00000000c33df7f0,0x00000000c5b00000)
 Metaspace       used 33847K, capacity 35322K, committed 35496K, reserved 1079296K
  class space    used 4561K, capacity 4873K, committed 4912K, reserved 1048576K
}

