# JRE version: Java(TM) SE Runtime Environment (8.0_271-b09) (build 1.8.0_271-b09)
# Java VM: Java HotSpot(TM) 64-Bit Server VM (25.271-b09 mixed mode windows-amd64 compressed oops)
Heap:
 PSYoungGen      total 132096K, used 24070K [0x00000000eb780000, 0x00000000f4380000, 0x0000000100000000)
  eden space 122880K, 19% used [0x00000000eb780000,0x00000000ecf018b8,0x00000000f2f80000)
  from space 9216K, 0% used [0x00000000f3080000,0x00000000f3080000,0x00000000f3980000)
  to   space 10240K, 0% used [0x00000000f3980000,0x00000000f3980000,0x00000000f4380000)
 ParOldGen       total 36864K, used 14190K [0x00000000c2600000, 0x00000000c4a00000, 0x00000000eb780000)
  object space 36864K, 38% used [0x00000000c2600000,0x00000000c33db800,0x00000000c4a00000)
 Metaspace       used 36220K, capacity 37721K, committed 37936K, reserved 1083392K
  class space    used 5061K, capacity 5363K, committed 5424K, reserved 1048576K
GC Heap History (10 events):
Event: 12.372 GC heap before
{Heap before GC invocations=7 (full 0):
 PSYoungGen      total 69120K, used 60134K [0x00000000eb780000, 0x00000000f0080000, 0x0000000100000000)
  eden space 63488K, 89% used [0x00000000eb780000,0x00000000eeeb4fa8,0x00000000ef580000)
  from space 5632K, 63% used [0x00000000efb00000,0x00000000efe84a20,0x00000000f0080000)
  to   space 5632K, 0% used [0x00000000ef580000,0x00000000ef580000,0x00000000efb00000)
 ParOldGen       total 42496K, used 6037K [0x00000000c2600000, 0x00000000c4f80000, 0x00000000eb780000)
  object space 42496K, 14% used [0x00000000c2600000,0x00000000c2be5458,0x00000000c4f80000)
 Metaspace       used 20058K, capacity 21254K, committed 21296K, reserved 1067008K
  class space    used 2587K, capacity 2823K, committed 2864K, reserved 1048576K
Event: 12.423 GC heap after
Heap after GC invocations=7 (full 0):
 PSYoungGen      total 69120K, used 5620K [0x00000000eb780000, 0x00000000f4280000, 0x0000000100000000)
  eden space 63488K, 0% used [0x00000000eb780000,0x00000000eb780000,0x00000000ef580000)
  from space 5632K, 99% used [0x00000000ef580000,0x00000000efafd2f0,0x00000000efb00000)
  to   space 7680K, 0% used [0x00000000f3b00000,0x00000000f3b00000,0x00000000f4280000)
 ParOldGen       total 42496K, used 9077K [0x00000000c2600000, 0x00000000c4f80000, 0x00000000eb780000)
  object space 42496K, 21% used [0x00000000c2600000,0x00000000c2edd628,0x00000000c4f80000)
 Metaspace       used 20058K, capacity 21254K, committed 21296K, reserved 1067008K
  class space    used 2587K, capacity 2823K, committed 2864K, reserved 1048576K
}
Event: 12.424 GC heap before
{Heap before GC invocations=8 (full 1):
 PSYoungGen      total 69120K, used 5620K [0x00000000eb780000, 0x00000000f4280000, 0x0000000100000000)
  eden space 63488K, 0% used [0x00000000eb780000,0x00000000eb780000,0x00000000ef580000)
  from space 5632K, 99% used [0x00000000ef580000,0x00000000efafd2f0,0x00000000efb00000)
  to   space 7680K, 0% used [0x00000000f3b00000,0x00000000f3b00000,0x00000000f4280000)
 ParOldGen       total 42496K, used 9077K [0x00000000c2600000, 0x00000000c4f80000, 0x00000000eb780000)
  object space 42496K, 21% used [0x00000000c2600000,0x00000000c2edd628,0x00000000c4f80000)
 Metaspace       used 20058K, capacity 21254K, committed 21296K, reserved 1067008K
  class space    used 2587K, capacity 2823K, committed 2864K, reserved 1048576K
Event: 12.616 GC heap after
Heap after GC invocations=8 (full 1):
 PSYoungGen      total 69120K, used 0K [0x00000000eb780000, 0x00000000f4280000, 0x0000000100000000)
  eden space 63488K, 0% used [0x00000000eb780000,0x00000000eb780000,0x00000000ef580000)
  from space 5632K, 0% used [0x00000000ef580000,0x00000000ef580000,0x00000000efb00000)
  to   space 7680K, 0% used [0x00000000f3b00000,0x00000000f3b00000,0x00000000f4280000)
 ParOldGen       total 36864K, used 9276K [0x00000000c2600000, 0x00000000c4a00000, 0x00000000eb780000)
  object space 36864K, 25% used [0x00000000c2600000,0x00000000c2f0f360,0x00000000c4a00000)
 Metaspace       used 20058K, capacity 21254K, committed 21296K, reserved 1067008K
  class space    used 2587K, capacity 2823K, committed 2864K, reserved 1048576K
}
Event: 17.731 GC heap before
{Heap before GC invocations=9 (full 1):
 PSYoungGen      total 69120K, used 63488K [0x00000000eb780000, 0x00000000f4280000, 0x0000000100000000)
  eden space 63488K, 100% used [0x00000000eb780000,0x00000000ef580000,0x00000000ef580000)
  from space 5632K, 0% used [0x00000000ef580000,0x00000000ef580000,0x00000000efb00000)
  to   space 7680K, 0% used [0x00000000f3b00000,0x00000000f3b00000,0x00000000f4280000)
 ParOldGen       total 36864K, used 9276K [0x00000000c2600000, 0x00000000c4a00000, 0x00000000eb780000)
  object space 36864K, 25% used [0x00000000c2600000,0x00000000c2f0f360,0x00000000c4a00000)
 Metaspace       used 28256K, capacity 29652K, committed 29744K, reserved 1075200K
  class space    used 3839K, capacity 4122K, committed 4144K, reserved 1048576K
Event: 17.774 GC heap after
Heap after GC invocations=9 (full 1):
 PSYoungGen      total 103424K, used 7667K [0x00000000eb780000, 0x00000000f4280000, 0x0000000100000000)
  eden space 95744K, 0% used [0x00000000eb780000,0x00000000eb780000,0x00000000f1500000)
  from space 7680K, 99% used [0x00000000f3b00000,0x00000000f427cf78,0x00000000f4280000)
  to   space 9216K, 0% used [0x00000000f3080000,0x00000000f3080000,0x00000000f3980000)
 ParOldGen       total 36864K, used 10498K [0x00000000c2600000, 0x00000000c4a00000, 0x00000000eb780000)
  object space 36864K, 28% used [0x00000000c2600000,0x00000000c3040ac8,0x00000000c4a00000)
 Metaspace       used 28256K, capacity 29652K, committed 29744K, reserved 1075200K
  class space    used 3839K, capacity 4122K, committed 4144K, reserved 1048576K
}
Event: 22.728 GC heap before
{Heap before GC invocations=10 (full 1):
 PSYoungGen      total 103424K, used 51713K [0x00000000eb780000, 0x00000000f4280000, 0x0000000100000000)
  eden space 95744K, 46% used [0x00000000eb780000,0x00000000ee2836e0,0x00000000f1500000)
  from space 7680K, 99% used [0x00000000f3b00000,0x00000000f427cf78,0x00000000f4280000)
  to   space 9216K, 0% used [0x00000000f3080000,0x00000000f3080000,0x00000000f3980000)
 ParOldGen       total 36864K, used 10498K [0x00000000c2600000, 0x00000000c4a00000, 0x00000000eb780000)
  object space 36864K, 28% used [0x00000000c2600000,0x00000000c3040ac8,0x00000000c4a00000)
 Metaspace       used 33858K, capacity 35326K, committed 35496K, reserved 1079296K
  class space    used 4561K, capacity 4873K, committed 4912K, reserved 1048576K
Event: 22.760 GC heap after
Heap after GC invocations=10 (full 1):
 PSYoungGen      total 132096K, used 8461K [0x00000000eb780000, 0x00000000f4380000, 0x0000000100000000)
  eden space 122880K, 0% used [0x00000000eb780000,0x00000000eb780000,0x00000000f2f80000)
  from space 9216K, 91% used [0x00000000f3080000,0x00000000f38c3738,0x00000000f3980000)
  to   space 10240K, 0% used [0x00000000f3980000,0x00000000f3980000,0x00000000f4380000)
 ParOldGen       total 36864K, used 10506K [0x00000000c2600000, 0x00000000c4a00000, 0x00000000eb780000)
  object space 36864K, 28% used [0x00000000c2600000,0x00000000c3042ac8,0x00000000c4a00000)
 Metaspace       used 33858K, capacity 35326K, committed 35496K, reserved 1079296K
  class space    used 4561K, capacity 4873K, committed 4912K, reserved 1048576K
}
Event: 22.760 GC heap before
{Heap before GC invocations=11 (full 2):
 PSYoungGen      total 132096K, used 8461K [0x00000000eb780000, 0x00000000f4380000, 0x0000000100000000)
  eden space 122880K, 0% used [0x00000000eb780000,0x00000000eb780000,0x00000000f2f80000)
  from space 9216K, 91% used [0x00000000f3080000,0x00000000f38c3738,0x00000000f3980000)
  to   space 10240K, 0% used [0x00000000f3980000,0x00000000f3980000,0x00000000f4380000)
 ParOldGen       total 36864K, used 10506K [0x00000000c2600000, 0x00000000c4a00000, 0x00000000eb780000)
  object space 36864K, 28% used [0x00000000c2600000,0x00000000c3042ac8,0x00000000c4a00000)
 Metaspace       used 33858K, capacity 35326K, committed 35496K, reserved 1079296K
  class space    used 4561K, capacity 4873K, committed 4912K, reserved 1048576K
Event: 23.020 GC heap after
Heap after GC invocations=11 (full 2):
 PSYoungGen      total 132096K, used 0K [0x00000000eb780000, 0x00000000f4380000, 0x0000000100000000)
  eden space 122880K, 0% used [0x00000000eb780000,0x00000000eb780000,0x00000000f2f80000)
  from space 9216K, 0% used [0x00000000f3080000,0x00000000f3080000,0x00000000f3980000)
  to   space 10240K, 0% used [0x00000000f3980000,0x00000000f3980000,0x00000000f4380000)
 ParOldGen       total 36864K, used 14190K [0x00000000c2600000, 0x00000000c4a00000, 0x00000000eb780000)
  object space 36864K, 38% used [0x00000000c2600000,0x00000000c33db800,0x00000000c4a00000)
 Metaspace       used 33858K, capacity 35326K, committed 35496K, reserved 1079296K
  class space    used 4561K, capacity 4873K, committed 4912K, reserved 1048576K
}

